<?xml version="1.0" encoding="UTF-8"?>
<testsuite name="TestSuite" time="0.025" tests="28" errors="0" skipped="0" failures="0">
  <properties>
[...]
</properties>
  <testcase name="test_GetGender on test_GetGender(se.nackademin.examination.examination_jacoco.GameTest)" classname="se.nackademin.examination.examination_jacoco.GameTest" time="0.004"/>
  <testcase name="test_GetAge on test_GetAge(se.nackademin.examination.examination_jacoco.GameTest)" classname="se.nackademin.examination.examination_jacoco.GameTest" time="0"/>
  <testcase name="test_Run on test_Run(se.nackademin.examination.examination_jacoco.GameTest)" classname="se.nackademin.examination.examination_jacoco.GameTest" time="0.008"/>
  <testcase name="test_CalculateHomeCityOutput on test_CalculateHomeCityOutput(se.nackademin.examination.examination_jacoco.GameTest)" classname="se.nackademin.examination.examination_jacoco.GameTest" time="0"/>
  <testcase name="test_BuildFinalString on test_BuildFinalString(se.nackademin.examination.examination_jacoco.GameTest)" classname="se.nackademin.examination.examination_jacoco.GameTest" time="0.006"/>
  <testcase name="test_CalculateGenderOutput on test_CalculateGenderOutput(se.nackademin.examination.examination_jacoco.GameTest)" classname="se.nackademin.examination.examination_jacoco.GameTest" time="0.001"/>
  <testcase name="test_CalculateAgeOutput on test_CalculateAgeOutput(se.nackademin.examination.examination_jacoco.GameTest)" classname="se.nackademin.examination.examination_jacoco.GameTest" time="0"/>
  <testcase name="test_CalculateNameOutput on test_CalculateNameOutput(se.nackademin.examination.examination_jacoco.GameTest)" classname="se.nackademin.examination.examination_jacoco.GameTest" time="0.001"/>
  <testcase name="test_RunGame on test_RunGame(se.nackademin.examination.examination_jacoco.GameTest)" classname="se.nackademin.examination.examination_jacoco.GameTest" time="0.001"/>
  <testcase name="testGenderGettersAndSettersMethods on testGenderGettersAndSettersMethods(se.nackademin.examination.examination_jacoco.ResultsFromInputsTest)" classname="se.nackademin.examination.examination_jacoco.ResultsFromInputsTest" time="0"/>
  <testcase name="testHomeCityGettersAndSettersMethods on testHomeCityGettersAndSettersMethods(se.nackademin.examination.examination_jacoco.ResultsFromInputsTest)" classname="se.nackademin.examination.examination_jacoco.ResultsFromInputsTest" time="0"/>
  <testcase name="testNameLengthGettersAndSettersMethods on testNameLengthGettersAndSettersMethods(se.nackademin.examination.examination_jacoco.ResultsFromInputsTest)" classname="se.nackademin.examination.examination_jacoco.ResultsFromInputsTest" time="0"/>
  <testcase name="testAgeGettersAndSettersMethods on testAgeGettersAndSettersMethods(se.nackademin.examination.examination_jacoco.ResultsFromInputsTest)" classname="se.nackademin.examination.examination_jacoco.ResultsFromInputsTest" time="0"/>
  <testcase name="testMainMethod on testMainMethod(se.nackademin.examination.examination_jacoco.MainTest)" classname="se.nackademin.examination.examination_jacoco.MainTest" time="0.001"/>
  <testcase name="testSetAndGetAge on testSetAndGetAge(se.nackademin.examination.examination_jacoco.ConversorTest)" classname="se.nackademin.examination.examination_jacoco.ConversorTest" time="0"/>
  <testcase name="testSetAndGetCity on testSetAndGetCity(se.nackademin.examination.examination_jacoco.ConversorTest)" classname="se.nackademin.examination.examination_jacoco.ConversorTest" time="0"/>
  <testcase name="testSetAndGetName on testSetAndGetName(se.nackademin.examination.examination_jacoco.ConversorTest)" classname="se.nackademin.examination.examination_jacoco.ConversorTest" time="0"/>
  <testcase name="testConversor on testConversor(se.nackademin.examination.examination_jacoco.ConversorTest)" classname="se.nackademin.examination.examination_jacoco.ConversorTest" time="0"/>
  <testcase name="testSetAndGetGender on testSetAndGetGender(se.nackademin.examination.examination_jacoco.ConversorTest)" classname="se.nackademin.examination.examination_jacoco.ConversorTest" time="0"/>
  <testcase name="test_SmallerFirstName_Under30 on test_SmallerFirstName_Under30(se.nackademin.examination.examination_jacoco.DataAnalysisTest)" classname="se.nackademin.examination.examination_jacoco.DataAnalysisTest" time="0.001"/>
  <testcase name="test_SmallHomeCity_Under30 on test_SmallHomeCity_Under30(se.nackademin.examination.examination_jacoco.DataAnalysisTest)" classname="se.nackademin.examination.examination_jacoco.DataAnalysisTest" time="0"/>
  <testcase name="test_GreaterFirstName_Over30 on test_GreaterFirstName_Over30(se.nackademin.examination.examination_jacoco.DataAnalysisTest)" classname="se.nackademin.examination.examination_jacoco.DataAnalysisTest" time="0"/>
  <testcase name="test_SmallerFirstName_Over30 on test_SmallerFirstName_Over30(se.nackademin.examination.examination_jacoco.DataAnalysisTest)" classname="se.nackademin.examination.examination_jacoco.DataAnalysisTest" time="0"/>
  <testcase name="test_GreaterFirstName_Under30 on test_GreaterFirstName_Under30(se.nackademin.examination.examination_jacoco.DataAnalysisTest)" classname="se.nackademin.examination.examination_jacoco.DataAnalysisTest" time="0"/>
  <testcase name="test_SmallHomeCity_Over30 on test_SmallHomeCity_Over30(se.nackademin.examination.examination_jacoco.DataAnalysisTest)" classname="se.nackademin.examination.examination_jacoco.DataAnalysisTest" time="0"/>
  <testcase name="test_BigHomeCity_Under30 on test_BigHomeCity_Under30(se.nackademin.examination.examination_jacoco.DataAnalysisTest)" classname="se.nackademin.examination.examination_jacoco.DataAnalysisTest" time="0.001"/>
  <testcase name="test_BigCity_Over30 on test_BigCity_Over30(se.nackademin.examination.examination_jacoco.DataAnalysisTest)" classname="se.nackademin.examination.examination_jacoco.DataAnalysisTest" time="0.001"/>
  <testcase name="test_SmallerFirstName_Exact30 on test_SmallerFirstName_Exact30(se.nackademin.examination.examination_jacoco.DataAnalysisTest)" classname="se.nackademin.examination.examination_jacoco.DataAnalysisTest" time="0"/>
</testsuite>